<?xml version="1.0" encoding="UTF-8"?>
<testsuite name="runners.BanistmoRunner" tests="0" skipped="0" failures="0" errors="0" timestamp="1970-01-01T00:00:00" hostname="DESKTOP-FJ634HR" time="0.0">
  <properties/>
  <system-out><![CDATA[]]></system-out>
  <system-err><![CDATA[[Test worker] INFO io.cucumber.core.plugin.SerenityReporter - Running feature from file:///E:/Inteliij/Reto%20Banistmo/src/test/resources/features/Banistmo.feature
[Test worker] INFO  - ?[96m

-------------------------------------------------------------------------------------
     _______. _______ .______       _______ .__   __.  __  .___________.____    ____ 
    /       ||   ____||   _  \     |   ____||  \ |  | |  | |           |\   \  /   / 
   |   (----`|  |__   |  |_)  |    |  |__   |   \|  | |  | `---|  |----` \   \/   /  
    \   \    |   __|  |      /     |   __|  |  . `  | |  |     |  |       \_    _/   
.----)   |   |  |____ |  |\  \----.|  |____ |  |\   | |  |     |  |         |  |     
|_______/    |_______|| _| `._____||_______||__| \__| |__|     |__|         |__|    
                                                                                     
 News and tutorials at http://www.serenity-bdd.info                                  
 Documentation at https://wakaleo.gitbooks.io/the-serenity-book/content/             
 Join the Serenity Community on Gitter: https://gitter.im/serenity-bdd/serenity-core 
 Serenity BDD Support and Training at http://serenity-bdd.info/#/trainingandsupport  
-------------------------------------------------------------------------------------
?[0m
[Test worker] INFO  - Test Suite Started: Validar el correcto funcionamiento de la descarga ” del apartado “Políticas
[Test worker] INFO io.cucumber.core.plugin.SerenityReporter - Running feature from file:///E:/Inteliij/Reto%20Banistmo/src/test/resources/features/Banistmo.feature
[Test worker] INFO  - Test Suite Started: Validar el correcto funcionamiento de la descarga ” del apartado “Políticas
[pool-2-thread-1] INFO serenity.reporting - 
--------------------------------------------------------------------------------------------------
| TEST NAME:   ?[1mIngresar a la pagina web y la correcta descarga de las politicas de los proveedores?[0m
| RESULT:      ?[92mPassing?[0m
| REQUIREMENT: Validar el correcto funcionamiento de la descarga ” del apartado “Políticas
| REPORT:      ?[96mfile:///E:/Inteliij/Reto%20Banistmo/target/site/serenity/7ac39c487b68642c1e80098f4fd6de655ee42e2135ce7ca5a58c473bd1979957.html?[0m
--------------------------------------------------------------------------------------------------
[Test worker] INFO io.cucumber.core.plugin.SerenityReporter - Cleanup test resources for URI file:///E:/Inteliij/Reto%20Banistmo/src/test/resources/features/Banistmo.feature
]]></system-err>
</testsuite>
