<?xml version="1.0" encoding="UTF-8"?>
<testsuite name="Validar el correcto funcionamiento de la descarga ” del apartado “Políticas" tests="1" skipped="0" failures="0" errors="0" timestamp="2022-07-21T22:02:53" hostname="DESKTOP-FJ634HR" time="21.324">
  <properties/>
  <testcase name="Ingresar a la pagina web y la correcta descarga de las politicas de los proveedores" classname="Validar el correcto funcionamiento de la descarga ” del apartado “Políticas" time="21.324"/>
  <system-out><![CDATA[?[92m|-- Given El usuario ingresa a la web?[0m
?[92m|---- Pablo opens the https://www.bancolombia.com/personas?[0m
?[92m|-- When El usuario ingresa a la pestaña proveedores en el cual descarga el documento?[0m
?[92m|---- Pablo banistmo task?[0m
?[92m|------ Pablo clicks on Me permite ingresar a la pestaña acerca de nosotros?[0m
?[92m|------ Pablo clicks on Me permite ingresar a informacion corporativa?[0m
?[92m|------ Pablo clicks on Me permite ingresar a la pestaña proveedores?[0m
?[92m|------ Pablo clicks on Me permite descargar politicas?[0m
?[92m|------ Pablo Switching to new Window?[0m
?[92m|-- Then El usuario valida el PDF generado?[0m
]]></system-out>
  <system-err><![CDATA[[Test worker] INFO io.cucumber.core.plugin.SerenityReporter - Running feature from file:///E:/Inteliij/Reto%20Banistmo/src/test/resources/features/Banistmo.feature
[Test worker] INFO  - 
  _____   ___   ___   _____     ___   _____     _     ___   _____   ___   ___  
 |_   _| | __| / __| |_   _|   / __| |_   _|   /_\   | _ \ |_   _| | __| |   \ 
   | |   | _|  \__ \   | |     \__ \   | |    / _ \  |   /   | |   | _|  | |) |
   |_|   |___| |___/   |_|     |___/   |_|   /_/ \_\ |_|_\   |_|   |___| |___/ 

Ingresar a la pagina web y la correcta descarga de las politicas de los proveedores(validar-el-correcto-funcionamiento-de-la-descarga-”-del-apartado-“políticas;ingresar-a-la-pagina-web-y-la-correcta-descarga-de-las-politicas-de-los-proveedores)
--------------------------------------------------------------------------------
[Test worker] INFO net.serenitybdd.core.webdriver.driverproviders.ChromeDriverProvider - Using automatically driver download
[Test worker] INFO io.github.bonigarcia.wdm.WebDriverManager - Using chromedriver 103.0.5060.134 (resolved driver for Chrome 103)
[Test worker] INFO io.github.bonigarcia.wdm.WebDriverManager - Exporting webdriver.chrome.driver as C:\Users\Johoxtum\.cache\selenium\chromedriver\win32\103.0.5060.134\chromedriver.exe
Starting ChromeDriver 103.0.5060.134 (8ec6fce403b3feb0869b0732eda8bd95011d333c-refs/branch-heads/5060@{#1262}) on port 54252
Only local connections are allowed.
Please see https://chromedriver.chromium.org/security-considerations for suggestions on keeping ChromeDriver safe.
ChromeDriver was started successfully.
jul 21, 2022 5:02:58 PM org.openqa.selenium.remote.ProtocolHandshake createSession
INFORMACIÓN: Detected dialect: W3C
jul 21, 2022 5:02:58 PM org.openqa.selenium.devtools.CdpVersionFinder findNearestMatch
ADVERTENCIA: Unable to find an exact match for CDP version 103, so returning the closest version found: a no-op implementation
jul 21, 2022 5:02:58 PM org.openqa.selenium.devtools.CdpVersionFinder findNearestMatch
INFORMACIÓN: Unable to find CDP implementation matching 103.
jul 21, 2022 5:02:58 PM org.openqa.selenium.chromium.ChromiumDriver lambda$new$3
ADVERTENCIA: Unable to find version of CDP to use for . You may need to include a dependency on a specific version of the CDP using something similar to `org.seleniumhq.selenium:selenium-devtools-v86:4.1.2` where the version ("v86") matches the version of the chromium-based browser you're using and the version number of the artifact is the same as Selenium's.
[Test worker] INFO  - ?[92m
  _____   ___   ___   _____     ___     _     ___   ___   ___   ___  
 |_   _| | __| / __| |_   _|   | _ \   /_\   / __| / __| | __| |   \ 
   | |   | _|  \__ \   | |     |  _/  / _ \  \__ \ \__ \ | _|  | |) |
   |_|   |___| |___/   |_|     |_|   /_/ \_\ |___/ |___/ |___| |___/ 

Ingresar a la pagina web y la correcta descarga de las politicas de los proveedores
----------------------------------------------------------------------?[0m
]]></system-err>
</testsuite>
